[2022-09-19T20:59:39.406] [WARN] default - Hubo un problema al iniciar session
[2022-09-19T21:21:45.559] [WARN] default - Hubo un problema al crear el usuario
[2022-09-19T21:26:15.939] [WARN] default - Hubo un problema al iniciar session
[2022-09-19T21:30:03.436] [WARN] default - Hubo un problema al iniciar session
[2022-09-19T21:31:53.124] [WARN] default - Hubo un problema al crear el usuario
[2022-09-19T22:11:28.707] [WARN] prod - Hubo un problema al crear el usuario
[2022-09-19T22:26:48.096] [WARN] prod - Hubo un problema al crear el usuario
[2022-09-19T22:46:09.507] [WARN] prod - Hubo un problema al crear el usuario
[2022-09-19T22:57:29.055] [WARN] prod - Hubo un problema al crear el usuario
[2022-09-21T19:40:42.659] [WARN] prod - Hubo un problema al crear el usuario
[2022-09-21T19:50:11.151] [WARN] prod - Hubo un problema al crear el usuario
[2022-09-21T19:50:51.604] [WARN] prod - Hubo un problema al crear el usuario
[2022-09-21T19:56:11.905] [WARN] prod - Hubo un problema al crear el usuario
[2022-09-21T20:27:42.138] [WARN] prod - Hubo un problema al crear el usuario
[2022-09-21T20:31:59.014] [WARN] prod - Hubo un problema al crear el usuario
[2022-09-21T20:38:37.625] [WARN] prod - Hubo un problema al crear el usuario
[2022-09-21T20:41:57.386] [WARN] prod - Hubo un problema al crear el usuario
[2022-09-21T20:53:32.096] [WARN] prod - Hubo un problema al crear el usuario
[2022-09-21T20:59:37.381] [WARN] prod - Hubo un problema al crear el usuario
[2022-09-21T21:03:23.652] [WARN] prod - Hubo un problema al crear el usuario
[2022-09-21T21:22:28.486] [WARN] prod - Hubo un problema al crear el usuario
[2022-09-21T21:23:28.472] [WARN] prod - Hubo un problema al crear el usuario
[2022-09-21T21:26:59.396] [WARN] prod - Hubo un problema al crear el usuario
[2022-09-21T21:32:46.369] [WARN] prod - Hubo un problema al crear el usuario
[2022-09-21T21:33:30.724] [WARN] prod - Hubo un problema al crear el usuario
[2022-09-21T21:36:18.364] [WARN] prod - Hubo un problema al crear el usuario
[2022-09-21T21:38:28.815] [WARN] prod - Hubo un problema al crear el usuario
[2022-09-21T21:39:31.025] [WARN] prod - Hubo un problema al crear el usuario
[2022-09-21T21:40:22.819] [WARN] prod - Hubo un problema al crear el usuario
[2022-09-21T21:40:41.661] [WARN] prod - Hubo un problema al crear el usuario
[2022-09-21T21:40:43.945] [WARN] prod - Hubo un problema al crear el usuario
[2022-09-21T21:40:45.078] [WARN] prod - Hubo un problema al crear el usuario
[2022-09-21T21:45:01.332] [WARN] prod - Hubo un problema al crear el usuario
[2022-09-21T21:45:17.431] [WARN] prod - Hubo un problema al crear el usuario
[2022-09-21T21:46:36.598] [WARN] prod - Hubo un problema al crear el usuario
[2022-09-21T21:47:35.364] [WARN] prod - Hubo un problema al crear el usuario
[2022-09-21T21:47:38.421] [WARN] prod - Hubo un problema al crear el usuario
[2022-09-21T21:48:08.267] [WARN] prod - Hubo un problema al crear el usuario
[2022-09-21T21:49:46.302] [WARN] prod - Hubo un problema al crear el usuario
[2022-09-21T21:50:40.507] [WARN] prod - Hubo un problema al crear el usuario
[2022-09-21T21:55:33.485] [WARN] prod - Hubo un problema al crear el usuario
[2022-09-21T22:09:52.053] [WARN] prod - Hubo un problema al crear el usuario
[2022-09-21T22:14:03.883] [WARN] prod - Hubo un problema al crear el usuario
[2022-09-21T22:15:43.748] [WARN] prod - Hubo un problema al crear el usuario
[2022-09-21T22:18:19.550] [WARN] prod - Hubo un problema al crear el usuario
[2022-09-21T22:21:37.089] [WARN] prod - Hubo un problema al crear el usuario
[2022-09-23T15:49:03.372] [WARN] prod - Hubo un problema al crear el usuario
[2022-09-23T15:52:12.349] [WARN] prod - Hubo un problema al crear el usuario
[2022-09-23T16:01:17.249] [WARN] prod - Hubo un problema al crear el usuario
[2022-09-23T16:05:43.766] [WARN] prod - Hubo un problema al crear el usuario
[2022-09-23T16:06:28.231] [WARN] prod - Hubo un problema al crear el usuario
[2022-09-23T16:34:42.699] [WARN] prod - Hubo un problema al crear el usuario
[2022-09-23T16:35:23.427] [WARN] prod - Hubo un problema al crear el usuario
[2022-09-23T18:53:59.465] [ERROR] prod - error en CrudProductDao metodo getById: ReferenceError: idSearching is not defined
[2022-09-23T18:54:26.561] [ERROR] prod - error en CrudProductDao metodo getById: CastError: Cast to ObjectId failed for value "[Function: param]" (type function) at path "_id" for model "productos"
[2022-09-23T18:56:05.620] [ERROR] prod - error en CrudProductDao metodo getById: ReferenceError: asProdDto is not defined
[2022-09-23T18:57:30.991] [ERROR] prod - error en CrudProductDao metodo getById: ReferenceError: prod is not defined
[2022-09-23T19:34:04.578] [WARN] prod - Invalid Password
[2022-09-23T19:34:04.592] [WARN] prod - Hubo un problema al iniciar session
[2022-09-23T19:59:55.479] [WARN] prod - Invalid user
[2022-09-23T19:59:55.493] [WARN] prod - Hubo un problema al iniciar session
[2022-09-25T20:29:20.675] [WARN] prod - Invalid user
[2022-09-25T20:29:20.694] [WARN] prod - Hubo un problema al iniciar session
[2022-09-25T20:38:58.105] [ERROR] prod - error en Crud ProductDao metodo getById: CastError: Cast to ObjectId failed for value "ee@ee.com" (type string) at path "_id" for model "carrito"
[2022-09-25T21:06:11.040] [WARN] prod - Invalid user
[2022-09-25T21:06:11.059] [WARN] prod - Hubo un problema al iniciar session
[2022-09-25T21:11:43.349] [ERROR] prod - error en Crud ProductDao metodo getById: CastError: Cast to ObjectId failed for value "ee@ee.com" (type string) at path "_id" for model "carrito"
[2022-09-25T21:22:41.018] [WARN] prod - Invalid user
[2022-09-25T21:22:41.625] [WARN] prod - Hubo un problema al iniciar session
[2022-09-26T11:21:34.036] [ERROR] prod - error en Crud ProductDao metodo getById: CastError: Cast to ObjectId failed for value "aa@aa.com" (type string) at path "_id" for model "carrito"
[2022-09-26T11:30:04.662] [WARN] prod - Hubo un problema al crear el usuario
[2022-09-26T11:32:37.096] [ERROR] prod - error en Crud ProductDao metodo getById: CastError: Cast to ObjectId failed for value "aa@aa.com" (type string) at path "_id" for model "carrito"
[2022-09-26T11:32:48.367] [ERROR] prod - error en Crud ProductDao metodo getById: CastError: Cast to ObjectId failed for value "aa@aa.com" (type string) at path "_id" for model "carrito"
[2022-09-27T21:18:08.304] [ERROR] prod - error: TypeError: Cannot read properties of undefined (reading 'find')
[2022-09-27T21:18:15.284] [ERROR] prod - error: TypeError: Cannot read properties of undefined (reading 'find')
[2022-09-27T21:21:15.355] [ERROR] prod - error: TypeError: Cannot read properties of undefined (reading 'find')
[2022-09-27T21:21:57.899] [ERROR] prod - error: TypeError: Cannot read properties of undefined (reading 'find')
[2022-09-27T21:22:44.992] [ERROR] prod - error: TypeError: Cannot read properties of undefined (reading 'find')
[2022-09-27T21:22:52.123] [ERROR] prod - error: TypeError: Cannot read properties of undefined (reading 'find')
[2022-09-27T21:26:26.191] [ERROR] prod - error: TypeError: Cannot read properties of undefined (reading 'find')
[2022-09-27T21:33:13.454] [ERROR] prod - error: TypeError: Cannot read properties of undefined (reading 'find')
[2022-09-27T21:33:25.865] [ERROR] prod - error: TypeError: Cannot read properties of undefined (reading 'find')
[2022-09-27T21:34:36.716] [ERROR] prod - error: TypeError: Cannot read properties of undefined (reading 'find')
[2022-09-27T21:34:46.315] [ERROR] prod - error: TypeError: Cannot read properties of undefined (reading 'find')
[2022-09-27T21:35:05.637] [ERROR] prod - error: TypeError: Cannot read properties of undefined (reading 'find')
[2022-09-27T21:35:10.468] [ERROR] prod - error: TypeError: Cannot read properties of undefined (reading 'find')
[2022-09-27T21:36:03.004] [ERROR] prod - error: TypeError: Cannot read properties of undefined (reading 'find')
[2022-09-27T21:36:10.565] [ERROR] prod - error: TypeError: Cannot read properties of undefined (reading 'find')
[2022-09-27T21:37:49.591] [ERROR] prod - error: TypeError: Cannot read properties of undefined (reading 'find')
[2022-09-27T21:38:17.965] [ERROR] prod - error: TypeError: Cannot read properties of undefined (reading 'find')
[2022-09-27T21:38:52.371] [ERROR] prod - error: TypeError: Cannot read properties of undefined (reading 'find')
[2022-09-27T21:38:57.282] [ERROR] prod - error: TypeError: Cannot read properties of undefined (reading 'find')
[2022-09-27T21:40:34.446] [ERROR] prod - error: TypeError: Cannot read properties of undefined (reading 'find')
[2022-09-27T21:40:38.027] [ERROR] prod - error: TypeError: Cannot read properties of undefined (reading 'find')
[2022-09-27T21:41:52.520] [ERROR] prod - error: TypeError: Cannot read properties of undefined (reading 'find')
[2022-09-27T21:41:55.880] [ERROR] prod - error: TypeError: Cannot read properties of undefined (reading 'find')
[2022-09-27T21:44:38.180] [ERROR] prod - error: TypeError: Cannot read properties of undefined (reading 'find')
[2022-09-27T21:45:02.506] [ERROR] prod - Error: Invalid login: 421 Timeout - closing connection
    at SMTPConnection._formatError (/Users/mati/Desktop/Dev Project/backend/backend/proyecto final back/node_modules/nodemailer/lib/smtp-connection/index.js:787:19)
    at SMTPConnection._actionAUTHComplete (/Users/mati/Desktop/Dev Project/backend/backend/proyecto final back/node_modules/nodemailer/lib/smtp-connection/index.js:1539:34)
    at SMTPConnection.<anonymous> (/Users/mati/Desktop/Dev Project/backend/backend/proyecto final back/node_modules/nodemailer/lib/smtp-connection/index.js:543:26)
    at SMTPConnection._processResponse (/Users/mati/Desktop/Dev Project/backend/backend/proyecto final back/node_modules/nodemailer/lib/smtp-connection/index.js:950:20)
    at SMTPConnection._onData (/Users/mati/Desktop/Dev Project/backend/backend/proyecto final back/node_modules/nodemailer/lib/smtp-connection/index.js:752:14)
    at SMTPConnection._onSocketData (/Users/mati/Desktop/Dev Project/backend/backend/proyecto final back/node_modules/nodemailer/lib/smtp-connection/index.js:191:44)
    at TLSSocket.emit (node:events:513:28)
    at addChunk (node:internal/streams/readable:324:12)
    at readableAddChunk (node:internal/streams/readable:297:9)
    at Readable.push (node:internal/streams/readable:234:10) {
  code: 'EAUTH',
  response: '421 Timeout - closing connection',
  responseCode: 421,
  command: 'AUTH PLAIN'
}
[2022-09-27T21:48:02.690] [ERROR] prod - error: TypeError: Cannot read properties of undefined (reading 'find')
[2022-09-27T21:48:05.926] [ERROR] prod - error: TypeError: Cannot read properties of undefined (reading 'find')
[2022-09-27T21:49:16.923] [ERROR] prod - error: TypeError: Cannot read properties of undefined (reading 'find')
[2022-09-27T21:49:22.524] [ERROR] prod - error: TypeError: Cannot read properties of undefined (reading 'find')
[2022-09-27T21:52:28.350] [ERROR] prod - error: TypeError: Cannot read properties of undefined (reading 'find')
[2022-09-27T21:52:34.245] [ERROR] prod - error: TypeError: Cannot read properties of undefined (reading 'find')
[2022-09-27T21:57:25.180] [ERROR] prod - error: TypeError: Cannot read properties of undefined (reading 'find')
[2022-09-27T21:57:30.887] [ERROR] prod - error: TypeError: Cannot read properties of undefined (reading 'find')
[2022-09-27T22:00:24.682] [ERROR] prod - error: TypeError: Cannot read properties of undefined (reading 'find')
[2022-09-27T22:02:11.179] [ERROR] prod - error: TypeError: Cannot read properties of undefined (reading 'find')
[2022-09-27T22:02:27.892] [ERROR] prod - error: TypeError: Cannot read properties of undefined (reading 'find')
[2022-09-27T22:02:41.307] [ERROR] prod - error: TypeError: Cannot read properties of undefined (reading 'find')
[2022-09-27T22:05:28.522] [ERROR] prod - error: TypeError: Cannot read properties of undefined (reading 'find')
[2022-09-27T22:05:52.243] [ERROR] prod - error: TypeError: Cannot read properties of undefined (reading 'find')
[2022-09-27T22:06:03.027] [ERROR] prod - error: TypeError: Cannot read properties of undefined (reading 'find')
[2022-09-27T22:07:07.542] [ERROR] prod - error: TypeError: Cannot read properties of undefined (reading 'find')
[2022-09-27T22:10:22.797] [ERROR] prod - error: TypeError: Cannot read properties of undefined (reading 'find')
[2022-09-27T22:10:33.743] [ERROR] prod - error: TypeError: Cannot read properties of undefined (reading 'find')
[2022-09-27T22:10:44.170] [ERROR] prod - error: TypeError: Cannot read properties of undefined (reading 'find')
[2022-09-27T22:12:41.888] [ERROR] prod - error: TypeError: Cannot read properties of undefined (reading 'find')
[2022-09-27T22:13:29.989] [ERROR] prod - error: TypeError: Cannot read properties of undefined (reading 'find')
[2022-09-27T22:26:28.004] [ERROR] prod - error: TypeError: Cannot read properties of undefined (reading 'find')
[2022-09-27T22:26:39.533] [ERROR] prod - error: TypeError: Cannot read properties of undefined (reading 'find')
[2022-09-27T22:27:11.209] [ERROR] prod - Error: Invalid login: 421 Timeout - closing connection
    at SMTPConnection._formatError (/Users/mati/Desktop/Dev Project/backend/backend/proyecto final back/node_modules/nodemailer/lib/smtp-connection/index.js:787:19)
    at SMTPConnection._actionAUTHComplete (/Users/mati/Desktop/Dev Project/backend/backend/proyecto final back/node_modules/nodemailer/lib/smtp-connection/index.js:1539:34)
    at SMTPConnection.<anonymous> (/Users/mati/Desktop/Dev Project/backend/backend/proyecto final back/node_modules/nodemailer/lib/smtp-connection/index.js:543:26)
    at SMTPConnection._processResponse (/Users/mati/Desktop/Dev Project/backend/backend/proyecto final back/node_modules/nodemailer/lib/smtp-connection/index.js:950:20)
    at SMTPConnection._onData (/Users/mati/Desktop/Dev Project/backend/backend/proyecto final back/node_modules/nodemailer/lib/smtp-connection/index.js:752:14)
    at SMTPConnection._onSocketData (/Users/mati/Desktop/Dev Project/backend/backend/proyecto final back/node_modules/nodemailer/lib/smtp-connection/index.js:191:44)
    at TLSSocket.emit (node:events:513:28)
    at addChunk (node:internal/streams/readable:324:12)
    at readableAddChunk (node:internal/streams/readable:297:9)
    at Readable.push (node:internal/streams/readable:234:10) {
  code: 'EAUTH',
  response: '421 Timeout - closing connection',
  responseCode: 421,
  command: 'AUTH PLAIN'
}
[2022-09-27T22:31:58.166] [ERROR] prod - error: TypeError: Cannot read properties of undefined (reading 'find')
[2022-09-27T22:32:07.381] [ERROR] prod - error: TypeError: Cannot read properties of undefined (reading 'find')
[2022-09-27T22:33:17.916] [ERROR] prod - error: TypeError: Cannot read properties of undefined (reading 'find')
[2022-09-27T22:33:20.955] [ERROR] prod - error: TypeError: Cannot read properties of undefined (reading 'find')
